<?xml version="1.0" encoding="UTF-8"?>
<persistence version="2.1"
	xmlns="http://xmlns.jcp.org/xml/ns/persistence" xmlns:xsi="http://www.w3.org/2001/XMLSchema-instance"
	xsi:schemaLocation="http://xmlns.jcp.org/xml/ns/persistence http://xmlns.jcp.org/xml/ns/persistence/persistence_2_1.xsd">
	<persistence-unit name="carcv_test" transaction-type="JTA">

		<jta-data-source>java:jboss/datasources/ExampleDS</jta-data-source>
		<jar-file>/lib/carcv-core-1.0.0.Alpha1-SNAPSHOT.jar</jar-file> <!-- TODO 2 fix -->


		<properties>
			<property name="hibernate.dialect" value="org.hibernate.dialect.H2Dialect" />
			<property name="hibernate.format_sql" value="true" />
			<property name="hibernate.show_sql" value="true" />
			<property name="hibernate.hbm2ddl.auto" value="create-drop" />
			<property name="hibernate.current_session_context_class"
				value="thread" />
		</properties>
	</persistence-unit>
</persistence>